current directory: C:/Users/12697/test/website-AidanNEichman/_vendor/ruby/3.1.0/gems/mathn-0.1.0/ext/mathn/complex
C:/Ruby31-x64/bin/ruby.exe -I C:/Ruby31-x64/lib/ruby/3.1.0 extconf.rb
creating Makefile

current directory: C:/Users/12697/test/website-AidanNEichman/_vendor/ruby/3.1.0/gems/mathn-0.1.0/ext/mathn/complex
make DESTDIR\= sitearchdir\=./.gem.20230131-5596-gr0yfr sitelibdir\=./.gem.20230131-5596-gr0yfr clean

current directory: C:/Users/12697/test/website-AidanNEichman/_vendor/ruby/3.1.0/gems/mathn-0.1.0/ext/mathn/complex
make DESTDIR\= sitearchdir\=./.gem.20230131-5596-gr0yfr sitelibdir\=./.gem.20230131-5596-gr0yfr
generating complex-x64-mingw-ucrt.def
compiling complex.c
linking shared-object mathn/complex.so
C:/Ruby31-x64/msys64/ucrt64/bin/../lib/gcc/x86_64-w64-mingw32/12.2.0/../../../../x86_64-w64-mingw32/bin/ld.exe: complex.o:complex.c:(.text+0x6): undefined reference to `nucomp_canonicalization'
collect2.exe: error: ld returned 1 exit status
make: *** [Makefile:264: complex.so] Error 1

make failed, exit code 2
